


ARM Macro Assembler    Page 1 


    1 00000000         ;FILENAME:
    2 00000000         ;  lab3_p3.s
    3 00000000         ;
    4 00000000         ;PURPOSE:
    5 00000000         ;  
    6 00000000         ;
    7 00000000         ;AUTHOR:
    8 00000000         ;  Daniel Shevtsov (SID: 200351253)
    9 00000000         
   10 00000000         ;Directives to start
   11 00000000                 PRESERVE8
   12 00000000                 THUMB
   13 00000000         
   14 00000000                 AREA             RESET, DATA, READONLY
   15 00000000                 EXPORT           __Vectors
   16 00000000         
   17 00000000 20002000 
                       __Vectors
                               DCD              0x20002000  ;
   18 00000004 00000000        DCD              Reset_Handler ;
   19 00000008         
   20 00000008                 ALIGN
   21 00000008         
   22 00000008         
   23 00000008         ;Linker requires Reset_Handler
   24 00000008                 AREA             MYCODE, CODE, READONLY
   25 00000000                 ENTRY
   26 00000000         
   27 00000000                 EXPORT           Reset_Handler
   28 00000000         
   29 00000000         Reset_Handler
   30 00000000         
   31 00000000         ;Code starts here
   32 00000000         
   33 00000000         
   34 00000000         
   35 00000000         ;Code ends here
   36 00000000         
   37 00000000         ;Directives to end
   38 00000000                 ALIGN
   39 00000000                 END
Command Line: --debug --xref --diag_suppress=9931 --cpu=Cortex-M3 --apcs=interw
ork --depend=.\objects\lab3_p3.d -o.\objects\lab3_p3.o -IC:\Keil_v5\ARM\RV31\IN
C -IC:\Keil_v5\ARM\CMSIS\Include -IC:\Keil_v5\ARM\Inc\ST\STM32F10x --predefine=
"__UVISION_VERSION SETA 515" --list=.\listings\lab3_p3.lst lab3_p3.s



ARM Macro Assembler    Page 1 Alphabetic symbol ordering
Relocatable symbols

RESET 00000000

Symbol: RESET
   Definitions
      At line 14 in file lab3_p3.s
   Uses
      None
Comment: RESET unused
__Vectors 00000000

Symbol: __Vectors
   Definitions
      At line 17 in file lab3_p3.s
   Uses
      At line 15 in file lab3_p3.s
Comment: __Vectors used once
2 symbols



ARM Macro Assembler    Page 1 Alphabetic symbol ordering
Relocatable symbols

MYCODE 00000000

Symbol: MYCODE
   Definitions
      At line 24 in file lab3_p3.s
   Uses
      None
Comment: MYCODE unused
Reset_Handler 00000000

Symbol: Reset_Handler
   Definitions
      At line 29 in file lab3_p3.s
   Uses
      At line 18 in file lab3_p3.s
      At line 27 in file lab3_p3.s

2 symbols
335 symbols in table
